<?xml version="1.0" encoding="UTF-8"?>
<!-- Generated by org.testng.reporters.JUnitReportReporter -->
<testsuite skipped="0" hostname="HJL06099" name="PlacesAPI.GetPlace" tests="1" failures="0" timestamp="17 Jun 2020 14:10:05 GMT" time="0.388" errors="0">
  <testcase name="getPlace" time="0.388" classname="PlacesAPI.GetPlace"/>
</testsuite> <!-- PlacesAPI.GetPlace -->
