<?xml version="1.0" encoding="UTF-8"?>
<!-- Generated by org.testng.reporters.JUnitReportReporter -->
<testsuite skipped="0" hostname="HJL06099" name="PlacesAPI.UpdatePlace" tests="1" failures="0" timestamp="17 Jun 2020 14:10:05 GMT" time="0.287" errors="0">
  <testcase name="updatePlace" time="0.287" classname="PlacesAPI.UpdatePlace"/>
</testsuite> <!-- PlacesAPI.UpdatePlace -->
