<?xml version="1.0" encoding="UTF-8"?>
<!-- Generated by org.testng.reporters.JUnitReportReporter -->
<testsuite skipped="0" hostname="HJL06099" name="PlacesAPI.AddPlace" tests="1" failures="0" timestamp="18 Jun 2020 12:59:55 GMT" time="11.104" errors="0">
  <testcase name="addPlace" time="11.104" classname="PlacesAPI.AddPlace"/>
</testsuite> <!-- PlacesAPI.AddPlace -->
